SF:lib\app\domain\models\authors_model.dart
DA:19,1
DA:20,1
LF:2
LH:2
end_of_record

SF:lib\app\domain\models\quotes_model.dart
DA:17,1
DA:18,1
LF:2
LH:2
end_of_record

SF:lib\app\features\quotes\cubit\quotes_cubit.dart
DA:13,3
DA:17,1
DA:18,1
DA:19,1
DA:25,2
DA:26,2
DA:31,1
DA:32,1
DA:33,1
LF:9
LH:9
end_of_record

SF:lib\app\domain\repositories\quotes_repository.dart
DA:7,1
DA:11,1
DA:12,2
LF:3
LH:3
end_of_record

SF:lib\app\domain\repositories\authors_repository.dart
DA:7,1
DA:11,1
DA:12,2
DA:15,4
DA:16,1
LF:5
LH:5
end_of_record

SF:lib\app\domain\repositories\auth_repository.dart
DA:8,1
DA:12,1
DA:13,2
LF:3
LH:3
end_of_record
SF:lib\app\features\auth\cubit\auth_cubit.dart
DA:14,1
DA:15,1
DA:16,1
DA:25,1
DA:26,2
DA:31,5
DA:32,1
DA:33,1
DA:39,2
DA:40,1
DA:41,1
DA:49,1
DA:51,2
DA:52,1
LF:14
LH:14
end_of_record
SF:lib\app\features\authors\cubit\authors_cubit.dart
DA:14,1
DA:15,1
DA:16,1
DA:21,1
DA:22,2
DA:25,2
DA:26,1
DA:27,1
DA:33,1
DA:34,1
DA:36,1
LF:11
LH:11
end_of_record
SF:lib\app\features\search\cubit\search_cubit.dart
DA:16,3
DA:22,1
DA:23,2
DA:28,2
DA:29,1
DA:30,1
DA:31,1
DA:37,1
DA:38,1
DA:40,1
DA:46,1
DA:47,1
DA:48,2
DA:49,4
DA:50,1
DA:51,2
LF:16
LH:16
end_of_record
